{
  "stats": {
    "suites": 3,
    "tests": 12,
    "passes": 11,
    "pending": 0,
    "failures": 1,
    "start": "2023-06-19T19:04:18.824Z",
    "end": "2023-06-19T19:06:22.361Z",
    "duration": 123537,
    "testsRegistered": 12,
    "passPercent": 91.66666666666666,
    "pendingPercent": 0,
    "other": 0,
    "hasOther": false,
    "skipped": 0,
    "hasSkipped": false
  },
  "results": [
    {
      "uuid": "e4086adb-5147-4002-8fda-f9b86321c5ca",
      "title": "",
      "fullFile": "cypress\\e2e\\Zaliczenie\\Pasi.cy.js",
      "file": "cypress\\e2e\\Zaliczenie\\Pasi.cy.js",
      "beforeHooks": [],
      "afterHooks": [],
      "tests": [],
      "suites": [
        {
          "uuid": "4e9dad64-3a43-44b5-bfe6-155873dfe4a4",
          "title": "Tests of cookie pop-up on site",
          "fullFile": "",
          "file": "",
          "beforeHooks": [],
          "afterHooks": [],
          "tests": [
            {
              "title": "Accept Cookies",
              "fullTitle": "Tests of cookie pop-up on site Accept Cookies",
              "timedOut": null,
              "duration": 12980,
              "state": "passed",
              "speed": "slow",
              "pass": true,
              "fail": false,
              "pending": false,
              "context": null,
              "code": "cy.get('#action-custom-css > a.m-button.m-accept').should('be.visible');\ncy.get('#action-custom-css > a.m-button.m-accept').click();\ncy.get('#action-custom-css > a.m-button.m-accept').should('not.be.visible');",
              "err": {},
              "uuid": "0aa15855-bfaa-4a91-be0e-4084726a3257",
              "parentUUID": "4e9dad64-3a43-44b5-bfe6-155873dfe4a4",
              "isHook": false,
              "skipped": false
            },
            {
              "title": "Reject Cookies",
              "fullTitle": "Tests of cookie pop-up on site Reject Cookies",
              "timedOut": null,
              "duration": 6315,
              "state": "passed",
              "speed": "medium",
              "pass": true,
              "fail": false,
              "pending": false,
              "context": null,
              "code": "cy.get('#action-custom-css > a.m-button.m-decline').should('be.visible');\ncy.get('#action-custom-css > a.m-button.m-decline').click();\ncy.get('#action-custom-css > a.m-button.m-decline').should('not.be.visible');",
              "err": {},
              "uuid": "e91c7431-5129-447d-8700-28f2f527f9f5",
              "parentUUID": "4e9dad64-3a43-44b5-bfe6-155873dfe4a4",
              "isHook": false,
              "skipped": false
            },
            {
              "title": "More information",
              "fullTitle": "Tests of cookie pop-up on site More information",
              "timedOut": null,
              "duration": 7912,
              "state": "passed",
              "speed": "medium",
              "pass": true,
              "fail": false,
              "pending": false,
              "context": null,
              "code": "cy.get('#action-custom-css > a:nth-child(3)').should('be.visible');\ncy.get('#action-custom-css > a:nth-child(3)').click();\ncy.url().should('contain', 'privacy-policy-cookie-restriction-mode');",
              "err": {},
              "uuid": "fba1280d-c0d8-4e5a-8301-60942a1c3b58",
              "parentUUID": "4e9dad64-3a43-44b5-bfe6-155873dfe4a4",
              "isHook": false,
              "skipped": false
            }
          ],
          "suites": [],
          "passes": [
            "0aa15855-bfaa-4a91-be0e-4084726a3257",
            "e91c7431-5129-447d-8700-28f2f527f9f5",
            "fba1280d-c0d8-4e5a-8301-60942a1c3b58"
          ],
          "failures": [],
          "pending": [],
          "skipped": [],
          "duration": 27207,
          "root": false,
          "rootEmpty": false,
          "_timeout": 2000
        },
        {
          "uuid": "dcc8cac6-b32c-42de-9e65-9f2b52d85173",
          "title": "Tests of search on site",
          "fullFile": "",
          "file": "",
          "beforeHooks": [],
          "afterHooks": [],
          "tests": [
            {
              "title": "Get input",
              "fullTitle": "Tests of search on site Get input",
              "timedOut": null,
              "duration": 3174,
              "state": "passed",
              "speed": "fast",
              "pass": true,
              "fail": false,
              "pending": false,
              "context": null,
              "code": "cy.get('#search_mini_form > div.field.search>label');",
              "err": {},
              "uuid": "d6e2f080-98d3-45f2-ba55-f41a6c7e5485",
              "parentUUID": "dcc8cac6-b32c-42de-9e65-9f2b52d85173",
              "isHook": false,
              "skipped": false
            },
            {
              "title": "Search item with {enter}",
              "fullTitle": "Tests of search on site Search item with {enter}",
              "timedOut": null,
              "duration": 11891,
              "state": "passed",
              "speed": "slow",
              "pass": true,
              "fail": false,
              "pending": false,
              "context": null,
              "code": "cy.get('#search').click();\ncy.get('#search').clear().type('kaski').type('{enter}');\ncy.url().should('contain', '?q=kaski');",
              "err": {},
              "uuid": "4414743e-d430-4f3f-b211-76f3818bad23",
              "parentUUID": "dcc8cac6-b32c-42de-9e65-9f2b52d85173",
              "isHook": false,
              "skipped": false
            },
            {
              "title": "Search on site with click on sugestion programability eq",
              "fullTitle": "Tests of search on site Search on site with click on sugestion programability eq",
              "timedOut": null,
              "duration": 11978,
              "state": "passed",
              "speed": "slow",
              "pass": true,
              "fail": false,
              "pending": false,
              "context": null,
              "code": "cy.get('#search_mini_form').click();\ncy.get('#search').clear().type('kaski').wait(2000);\ncy.get('#qs-option-1').eq(0).click();\ncy.url().should('contain', '?q=+Kaski+czarne');",
              "err": {},
              "uuid": "6c5da6ad-4626-4526-82a5-bee056b97f74",
              "parentUUID": "dcc8cac6-b32c-42de-9e65-9f2b52d85173",
              "isHook": false,
              "skipped": false
            },
            {
              "title": "Search for invalid word",
              "fullTitle": "Tests of search on site Search for invalid word",
              "timedOut": null,
              "duration": 9576,
              "state": "passed",
              "speed": "medium",
              "pass": true,
              "fail": false,
              "pending": false,
              "context": null,
              "code": "cy.get('#search').click();\ncy.get('#search').clear().type('kljdsahajsA').type('{enter}');\ncy.url().should('contain', '/catalogsearch/result/?q=kljdsahajsA');",
              "err": {},
              "uuid": "b360a36a-3162-4284-abb5-5c630325280c",
              "parentUUID": "dcc8cac6-b32c-42de-9e65-9f2b52d85173",
              "isHook": false,
              "skipped": false
            },
            {
              "title": "Search for wrong phrase and move to the hint",
              "fullTitle": "Tests of search on site Search for wrong phrase and move to the hint",
              "timedOut": null,
              "duration": 14124,
              "state": "passed",
              "speed": "slow",
              "pass": true,
              "fail": false,
              "pending": false,
              "context": null,
              "code": "cy.get('#search').click();\ncy.get('#search').clear().type('sciana').type('{enter}');\ncy.url().should('contain', '/catalogsearch/result/?q=sciana');\ncy.get('.block > :nth-child(2) > a').click();\ncy.url().should('contain', '/catalogsearch/result/?q=siana');",
              "err": {},
              "uuid": "2a7858da-438a-49e2-9625-03471ec27cf2",
              "parentUUID": "dcc8cac6-b32c-42de-9e65-9f2b52d85173",
              "isHook": false,
              "skipped": false
            }
          ],
          "suites": [],
          "passes": [
            "d6e2f080-98d3-45f2-ba55-f41a6c7e5485",
            "4414743e-d430-4f3f-b211-76f3818bad23",
            "6c5da6ad-4626-4526-82a5-bee056b97f74",
            "b360a36a-3162-4284-abb5-5c630325280c",
            "2a7858da-438a-49e2-9625-03471ec27cf2"
          ],
          "failures": [],
          "pending": [],
          "skipped": [],
          "duration": 50743,
          "root": false,
          "rootEmpty": false,
          "_timeout": 2000
        },
        {
          "uuid": "2bd1d5b0-f8e8-45a6-b272-24f35fa2dfde",
          "title": "Test of tool bar redirections on site",
          "fullFile": "",
          "file": "",
          "beforeHooks": [],
          "afterHooks": [],
          "tests": [
            {
              "title": "Shows contact page",
              "fullTitle": "Test of tool bar redirections on site Shows contact page",
              "timedOut": null,
              "duration": 6514,
              "state": "passed",
              "speed": "medium",
              "pass": true,
              "fail": false,
              "pending": false,
              "context": null,
              "code": "cy.get('#html-body > div.page-wrapper > header > div.main-panel-top > div > div > div > div > ul > li:nth-child(2) > a').click();\ncy.url().should('contain', 'kontakt');",
              "err": {},
              "uuid": "2c9b7550-17c1-469d-802a-a8fe46a98b6f",
              "parentUUID": "2bd1d5b0-f8e8-45a6-b272-24f35fa2dfde",
              "isHook": false,
              "skipped": false
            },
            {
              "title": "Shows creating account page",
              "fullTitle": "Test of tool bar redirections on site Shows creating account page",
              "timedOut": null,
              "duration": 8331,
              "state": "failed",
              "speed": null,
              "pass": false,
              "fail": true,
              "pending": false,
              "context": null,
              "code": "cy.get('.panel > .header > :nth-child(5) > #idG1lnJVZ0').click();\ncy.url().should('contain', '/customer/account/create/');",
              "err": {
                "message": "AssertionError: Timed out retrying after 4000ms: Expected to find element: `.panel > .header > :nth-child(5) > #idG1lnJVZ0`, but never found it.",
                "estack": "AssertionError: Timed out retrying after 4000ms: Expected to find element: `.panel > .header > :nth-child(5) > #idG1lnJVZ0`, but never found it.\n    at Context.eval (webpack:///./cypress/e2e/Zaliczenie/Pasi.cy.js:63:11)",
                "diff": null
              },
              "uuid": "2ebba558-6eb5-46f8-82fc-579c51e421fc",
              "parentUUID": "2bd1d5b0-f8e8-45a6-b272-24f35fa2dfde",
              "isHook": false,
              "skipped": false
            },
            {
              "title": "Shows login page and log in",
              "fullTitle": "Test of tool bar redirections on site Shows login page and log in",
              "timedOut": null,
              "duration": 13303,
              "state": "passed",
              "speed": "slow",
              "pass": true,
              "fail": false,
              "pending": false,
              "context": null,
              "code": "cy.get('#html-body > div.page-wrapper > header > div.main-panel-top > div > div > div > div > ul > li.link.authorization-link > a').click();\ncy.url().should('contain', '/customer/account/login/referer/');\ncy.get('#email').type('emiliatest13@gmail.com');\ncy.get('#pass').type('Ty4syVXJD34mwMm');\ncy.get('#send2').click();\ncy.url().should('contain', '/customer/account/');",
              "err": {},
              "uuid": "5b2c230c-00b6-4d0b-b098-f32c5227291f",
              "parentUUID": "2bd1d5b0-f8e8-45a6-b272-24f35fa2dfde",
              "isHook": false,
              "skipped": false
            },
            {
              "title": "Redirecting to Eskadron products and picking item",
              "fullTitle": "Test of tool bar redirections on site Redirecting to Eskadron products and picking item",
              "timedOut": null,
              "duration": 15989,
              "state": "passed",
              "speed": "slow",
              "pass": true,
              "fail": false,
              "pending": false,
              "context": null,
              "code": "cy.get('#platinumblock > .owl-carousel > .owl-stage-outer > .owl-stage > :nth-child(1) > .item > a > img').click();\ncy.url().should('contain', '/kolekcje/wiosna-lato-2023/eskadron-pure');\ncy.get('#layer-product-list > div.products.wrapper.grid.columns4.products-grid > ol > li.item.product.product-item.nth-child-2np1.nth-child-3np1.nth-child-4np1.nth-child-5np1.nth-child-6np1.nth-child-7np1.nth-child-8np1 > div > div.product.details.product-item-details > strong > a').click();\ncy.url().should('contain', '/eskadron-platinum-pure-czaprak-cotton-navy');\n// cy.get('#attribute196').click().find('#attribute196 > option:nth-child(2)').click();\n// cy.get('#attribute197').click().find('#attribute197 > option:nth-child(6)').click();\n// cy.get('#product-addtocart-button').click();\n// cy.url().should('','/eskadron-platinum-pure-czaprak-cotton-navy#');",
              "err": {},
              "uuid": "1b0746da-95cb-4603-a58f-5a920f1157fe",
              "parentUUID": "2bd1d5b0-f8e8-45a6-b272-24f35fa2dfde",
              "isHook": false,
              "skipped": false
            }
          ],
          "suites": [],
          "passes": [
            "2c9b7550-17c1-469d-802a-a8fe46a98b6f",
            "5b2c230c-00b6-4d0b-b098-f32c5227291f",
            "1b0746da-95cb-4603-a58f-5a920f1157fe"
          ],
          "failures": [
            "2ebba558-6eb5-46f8-82fc-579c51e421fc"
          ],
          "pending": [],
          "skipped": [],
          "duration": 44137,
          "root": false,
          "rootEmpty": false,
          "_timeout": 2000
        }
      ],
      "passes": [],
      "failures": [],
      "pending": [],
      "skipped": [],
      "duration": 0,
      "root": true,
      "rootEmpty": true,
      "_timeout": 2000
    }
  ],
  "meta": {
    "mocha": {
      "version": "7.0.1"
    },
    "mochawesome": {
      "options": {
        "quiet": false,
        "reportFilename": "[name]-report",
        "saveHtml": true,
        "saveJson": true,
        "consoleReporter": "spec",
        "useInlineDiffs": false,
        "code": true
      },
      "version": "7.1.3"
    },
    "marge": {
      "options": {
        "reportFilename": "[name]-report",
        "overwrite": true,
        "html": true,
        "json": true
      },
      "version": "6.2.0"
    }
  }
}