{
  "stats": {
    "suites": 3,
    "tests": 12,
    "passes": 12,
    "pending": 0,
    "failures": 0,
    "start": "2023-06-20T14:48:14.885Z",
    "end": "2023-06-20T14:50:24.141Z",
    "duration": 129256,
    "testsRegistered": 12,
    "passPercent": 100,
    "pendingPercent": 0,
    "other": 0,
    "hasOther": false,
    "skipped": 0,
    "hasSkipped": false
  },
  "results": [
    {
      "uuid": "00286094-faa7-48fe-8f27-c6ea685b68a9",
      "title": "",
      "fullFile": "cypress\\e2e\\Zaliczenie\\Pasi.cy.js",
      "file": "cypress\\e2e\\Zaliczenie\\Pasi.cy.js",
      "beforeHooks": [],
      "afterHooks": [],
      "tests": [],
      "suites": [
        {
          "uuid": "a818618a-fa08-43f5-b304-8491a0fca51b",
          "title": "Tests of cookie pop-up on site",
          "fullFile": "",
          "file": "",
          "beforeHooks": [],
          "afterHooks": [],
          "tests": [
            {
              "title": "Accept Cookies",
              "fullTitle": "Tests of cookie pop-up on site Accept Cookies",
              "timedOut": null,
              "duration": 9666,
              "state": "passed",
              "speed": "medium",
              "pass": true,
              "fail": false,
              "pending": false,
              "context": null,
              "code": "cy.get('#action-custom-css > a.m-button.m-accept').should('be.visible');\ncy.get('#action-custom-css > a.m-button.m-accept').click();\ncy.get('#action-custom-css > a.m-button.m-accept').should('not.be.visible');",
              "err": {},
              "uuid": "9af08c3f-10d5-44ad-9c06-dd89321b5d07",
              "parentUUID": "a818618a-fa08-43f5-b304-8491a0fca51b",
              "isHook": false,
              "skipped": false
            },
            {
              "title": "Reject Cookies",
              "fullTitle": "Tests of cookie pop-up on site Reject Cookies",
              "timedOut": null,
              "duration": 6735,
              "state": "passed",
              "speed": "medium",
              "pass": true,
              "fail": false,
              "pending": false,
              "context": null,
              "code": "cy.get('#action-custom-css > a.m-button.m-decline').should('be.visible');\ncy.get('#action-custom-css > a.m-button.m-decline').click();\ncy.get('#action-custom-css > a.m-button.m-decline').should('not.be.visible');",
              "err": {},
              "uuid": "84b6816c-4f0e-40c1-bfac-c2e9b930b334",
              "parentUUID": "a818618a-fa08-43f5-b304-8491a0fca51b",
              "isHook": false,
              "skipped": false
            },
            {
              "title": "More information",
              "fullTitle": "Tests of cookie pop-up on site More information",
              "timedOut": null,
              "duration": 8140,
              "state": "passed",
              "speed": "medium",
              "pass": true,
              "fail": false,
              "pending": false,
              "context": null,
              "code": "cy.get('#action-custom-css > a:nth-child(3)').should('be.visible');\ncy.get('#action-custom-css > a:nth-child(3)').click();\ncy.url().should('contain', 'privacy-policy-cookie-restriction-mode');",
              "err": {},
              "uuid": "f6a0f68b-8deb-49ce-9751-918b4c76addc",
              "parentUUID": "a818618a-fa08-43f5-b304-8491a0fca51b",
              "isHook": false,
              "skipped": false
            }
          ],
          "suites": [],
          "passes": [
            "9af08c3f-10d5-44ad-9c06-dd89321b5d07",
            "84b6816c-4f0e-40c1-bfac-c2e9b930b334",
            "f6a0f68b-8deb-49ce-9751-918b4c76addc"
          ],
          "failures": [],
          "pending": [],
          "skipped": [],
          "duration": 24541,
          "root": false,
          "rootEmpty": false,
          "_timeout": 2000
        },
        {
          "uuid": "70804108-5917-4537-84df-d8e6a5fe21cf",
          "title": "Tests of search on site",
          "fullFile": "",
          "file": "",
          "beforeHooks": [],
          "afterHooks": [],
          "tests": [
            {
              "title": "Get input",
              "fullTitle": "Tests of search on site Get input",
              "timedOut": null,
              "duration": 3651,
              "state": "passed",
              "speed": "fast",
              "pass": true,
              "fail": false,
              "pending": false,
              "context": null,
              "code": "cy.get('#search_mini_form > div.field.search>label');",
              "err": {},
              "uuid": "628bcb0d-0d01-450d-80d7-252b60922360",
              "parentUUID": "70804108-5917-4537-84df-d8e6a5fe21cf",
              "isHook": false,
              "skipped": false
            },
            {
              "title": "Search item with {enter}",
              "fullTitle": "Tests of search on site Search item with {enter}",
              "timedOut": null,
              "duration": 14068,
              "state": "passed",
              "speed": "slow",
              "pass": true,
              "fail": false,
              "pending": false,
              "context": null,
              "code": "cy.get('#search').click();\ncy.get('#search').clear().type('kaski').type('{enter}');\ncy.url().should('contain', '?q=kaski');",
              "err": {},
              "uuid": "b69a98e6-a950-4158-b796-8e7ca1a62515",
              "parentUUID": "70804108-5917-4537-84df-d8e6a5fe21cf",
              "isHook": false,
              "skipped": false
            },
            {
              "title": "Search on site with click on sugestion programability eq",
              "fullTitle": "Tests of search on site Search on site with click on sugestion programability eq",
              "timedOut": null,
              "duration": 15900,
              "state": "passed",
              "speed": "slow",
              "pass": true,
              "fail": false,
              "pending": false,
              "context": null,
              "code": "cy.get('#search_mini_form').click();\ncy.get('#search').clear().type('kaski').wait(2000);\ncy.get('#qs-option-1').eq(0).click();\ncy.url().should('contain', '?q=+Kaski+czarne');",
              "err": {},
              "uuid": "600004ba-ab43-46f2-8da7-6ccbbb6a1d2d",
              "parentUUID": "70804108-5917-4537-84df-d8e6a5fe21cf",
              "isHook": false,
              "skipped": false
            },
            {
              "title": "Search for invalid word",
              "fullTitle": "Tests of search on site Search for invalid word",
              "timedOut": null,
              "duration": 12839,
              "state": "passed",
              "speed": "slow",
              "pass": true,
              "fail": false,
              "pending": false,
              "context": null,
              "code": "cy.get('#search').click();\ncy.get('#search').clear().type('kljdsahajsA').type('{enter}');\ncy.url().should('contain', '/catalogsearch/result/?q=kljdsahajsA');",
              "err": {},
              "uuid": "cf6c21eb-9806-4b26-9869-ce1902d8737f",
              "parentUUID": "70804108-5917-4537-84df-d8e6a5fe21cf",
              "isHook": false,
              "skipped": false
            },
            {
              "title": "Search for wrong phrase and move to the hint",
              "fullTitle": "Tests of search on site Search for wrong phrase and move to the hint",
              "timedOut": null,
              "duration": 14199,
              "state": "passed",
              "speed": "slow",
              "pass": true,
              "fail": false,
              "pending": false,
              "context": null,
              "code": "cy.get('#search').click();\ncy.get('#search').clear().type('sciana').type('{enter}');\ncy.url().should('contain', '/catalogsearch/result/?q=sciana');\ncy.get('.block > :nth-child(2) > a').click();\ncy.url().should('contain', '/catalogsearch/result/?q=siana');",
              "err": {},
              "uuid": "3b40e22b-312c-449d-82dd-148cd6ecc79a",
              "parentUUID": "70804108-5917-4537-84df-d8e6a5fe21cf",
              "isHook": false,
              "skipped": false
            }
          ],
          "suites": [],
          "passes": [
            "628bcb0d-0d01-450d-80d7-252b60922360",
            "b69a98e6-a950-4158-b796-8e7ca1a62515",
            "600004ba-ab43-46f2-8da7-6ccbbb6a1d2d",
            "cf6c21eb-9806-4b26-9869-ce1902d8737f",
            "3b40e22b-312c-449d-82dd-148cd6ecc79a"
          ],
          "failures": [],
          "pending": [],
          "skipped": [],
          "duration": 60657,
          "root": false,
          "rootEmpty": false,
          "_timeout": 2000
        },
        {
          "uuid": "5dfce928-b016-4a16-9a6e-bbafaf1edf21",
          "title": "Test of tool bar redirections on site",
          "fullFile": "",
          "file": "",
          "beforeHooks": [],
          "afterHooks": [],
          "tests": [
            {
              "title": "Shows contact page",
              "fullTitle": "Test of tool bar redirections on site Shows contact page",
              "timedOut": null,
              "duration": 7283,
              "state": "passed",
              "speed": "medium",
              "pass": true,
              "fail": false,
              "pending": false,
              "context": null,
              "code": "cy.get('#html-body > div.page-wrapper > header > div.main-panel-top > div > div > div > div > ul > li:nth-child(2) > a').click();\ncy.url().should('contain', 'kontakt');",
              "err": {},
              "uuid": "c7f46a2c-99ca-454d-9666-9e51d46c40f1",
              "parentUUID": "5dfce928-b016-4a16-9a6e-bbafaf1edf21",
              "isHook": false,
              "skipped": false
            },
            {
              "title": "Shows creating account page",
              "fullTitle": "Test of tool bar redirections on site Shows creating account page",
              "timedOut": null,
              "duration": 8451,
              "state": "passed",
              "speed": "medium",
              "pass": true,
              "fail": false,
              "pending": false,
              "context": null,
              "code": "cy.get('#html-body > div.page-wrapper > header > div.main-panel-top > div > div > div > div > ul > li:nth-child(5)').click();\ncy.url().should('contain', '/customer/account/create/');",
              "err": {},
              "uuid": "3c20a26d-5b8b-43e2-a747-b23102ef38b6",
              "parentUUID": "5dfce928-b016-4a16-9a6e-bbafaf1edf21",
              "isHook": false,
              "skipped": false
            },
            {
              "title": "Shows login page and log in",
              "fullTitle": "Test of tool bar redirections on site Shows login page and log in",
              "timedOut": null,
              "duration": 11172,
              "state": "passed",
              "speed": "slow",
              "pass": true,
              "fail": false,
              "pending": false,
              "context": null,
              "code": "cy.get('#html-body > div.page-wrapper > header > div.main-panel-top > div > div > div > div > ul > li.link.authorization-link > a').click();\ncy.url().should('contain', '/customer/account/login/referer/');\ncy.get('#email').type('emiliatest13@gmail.com');\ncy.get('#pass').type('Ty4syVXJD34mwMm');\ncy.get('#send2').click();\ncy.url().should('contain', '/customer/account/');",
              "err": {},
              "uuid": "6328fd46-0e6b-4e7d-a92d-26d2fd912c33",
              "parentUUID": "5dfce928-b016-4a16-9a6e-bbafaf1edf21",
              "isHook": false,
              "skipped": false
            },
            {
              "title": "Redirecting to Eskadron products and picking item",
              "fullTitle": "Test of tool bar redirections on site Redirecting to Eskadron products and picking item",
              "timedOut": null,
              "duration": 15801,
              "state": "passed",
              "speed": "slow",
              "pass": true,
              "fail": false,
              "pending": false,
              "context": null,
              "code": "cy.get('#platinumblock > .owl-carousel > .owl-stage-outer > .owl-stage > :nth-child(1) > .item > a > img').click();\ncy.url().should('contain', '/kolekcje/wiosna-lato-2023/eskadron-pure');\ncy.get('#layer-product-list > div.products.wrapper.grid.columns4.products-grid > ol > li.item.product.product-item.nth-child-2np1.nth-child-3np1.nth-child-4np1.nth-child-5np1.nth-child-6np1.nth-child-7np1.nth-child-8np1 > div > div.product.details.product-item-details > strong > a').click();\ncy.url().should('contain', '/eskadron-platinum-pure-czaprak-cotton-navy');",
              "err": {},
              "uuid": "c6676a54-24f1-46f6-88c4-2176e4014239",
              "parentUUID": "5dfce928-b016-4a16-9a6e-bbafaf1edf21",
              "isHook": false,
              "skipped": false
            }
          ],
          "suites": [],
          "passes": [
            "c7f46a2c-99ca-454d-9666-9e51d46c40f1",
            "3c20a26d-5b8b-43e2-a747-b23102ef38b6",
            "6328fd46-0e6b-4e7d-a92d-26d2fd912c33",
            "c6676a54-24f1-46f6-88c4-2176e4014239"
          ],
          "failures": [],
          "pending": [],
          "skipped": [],
          "duration": 42707,
          "root": false,
          "rootEmpty": false,
          "_timeout": 2000
        }
      ],
      "passes": [],
      "failures": [],
      "pending": [],
      "skipped": [],
      "duration": 0,
      "root": true,
      "rootEmpty": true,
      "_timeout": 2000
    }
  ],
  "meta": {
    "mocha": {
      "version": "7.0.1"
    },
    "mochawesome": {
      "options": {
        "quiet": false,
        "reportFilename": "[name]-report",
        "saveHtml": true,
        "saveJson": true,
        "consoleReporter": "spec",
        "useInlineDiffs": false,
        "code": true
      },
      "version": "7.1.3"
    },
    "marge": {
      "options": {
        "reportFilename": "[name]-report",
        "overwrite": true,
        "html": true,
        "json": true
      },
      "version": "6.2.0"
    }
  }
}